<?xml version="1.0" encoding="UTF-8"?>
<testsuite xmlns:xsi="http://www.w3.org/2001/XMLSchema-instance" xsi:noNamespaceSchemaLocation="https://maven.apache.org/surefire/maven-surefire-plugin/xsd/surefire-test-report.xsd" name="in.bushansirgur.restapi.SpringBootMongodbRestApiApplicationTests" time="9.921" tests="4" errors="0" skipped="0" failures="0">
  <properties>
[...]
</properties>
  <testcase name="findsByLastName" classname="in.bushansirgur.restapi.SpringBootMongodbRestApiApplicationTests" time="0.414"/>
  <testcase name="contextLoads" classname="in.bushansirgur.restapi.SpringBootMongodbRestApiApplicationTests" time="0.007"/>
  <testcase name="setsIdOnSave" classname="in.bushansirgur.restapi.SpringBootMongodbRestApiApplicationTests" time="0.01"/>
  <testcase name="findsByExample" classname="in.bushansirgur.restapi.SpringBootMongodbRestApiApplicationTests" time="0.012"/>
</testsuite>